<?xml version="1.0" encoding="utf-8"?><testsuites name="pytest tests"><testsuite name="pytest" errors="0" failures="0" skipped="0" tests="7" time="2.615" timestamp="2026-06-21T23:15:02.326699+00:00" hostname="agent-env-a5bfa162-a406-48de-81e0-d5d4c53a60bd"><testcase classname="backend.tests.backend_test.TestServiceStatus" name="test_root_ok" time="0.248" /><testcase classname="backend.tests.backend_test.TestServiceStatus" name="test_health" time="0.049" /><testcase classname="backend.tests.backend_test.TestContact" name="test_create_contact_and_persist" time="0.503" /><testcase classname="backend.tests.backend_test.TestContact" name="test_list_contacts_sorted_desc" time="1.538" /><testcase classname="backend.tests.backend_test.TestContact" name="test_create_contact_validation_missing_fields" time="0.048" /><testcase classname="backend.tests.backend_test.TestContact" name="test_create_contact_validation_empty_strings" time="0.044" /><testcase classname="backend.tests.backend_test.TestContact" name="test_no_mongo_id_leak" time="0.044" /></testsuite></testsuites>